<?xml version="1.0" encoding="UTF-8"?>
<!-- Generated by org.testng.reporters.JUnitReportReporter -->
<testsuite hostname="Vaibhavs-MacBook-Air.local" failures="0" tests="4" name="entrata.NewTest" time="278.335" errors="0" timestamp="2024-02-23T13:13:53 IST" skipped="0">
  <testcase classname="entrata.NewTest" name="validate_error_on_PropertyManagerLoginPage" time="69.638"/>
  <system-out/>
  <testcase classname="entrata.NewTest" name="validate_baseCamp_registration" time="95.330"/>
  <system-out/>
  <testcase classname="entrata.NewTest" name="validate_doItAllWithEntrata_Tiles" time="48.651"/>
  <system-out/>
  <testcase classname="entrata.NewTest" name="validate_solutions_list" time="64.716"/>
  <system-out/>
</testsuite> <!-- entrata.NewTest -->
